kotlin version: 2.2.10
error message: java.lang.RuntimeException: Exception while generating code for:
FUN name:VideoPlayer visibility:public modality:FINAL returnType:kotlin.Unit
  VALUE_PARAMETER kind:Regular name:videoUrl index:0 type:kotlin.String
  VALUE_PARAMETER kind:Regular name:modifier index:1 type:androidx.compose.ui.Modifier
    EXPRESSION_BODY
      ERROR_EXPR 'Default Stub' type=androidx.compose.ui.Modifier
  annotations:
    OptIn(markerClass = [CLASS_REFERENCE 'CLASS IR_EXTERNAL_JAVA_DECLARATION_STUB ANNOTATION_CLASS name:UnstableApi modality:OPEN visibility:public superTypes:[kotlin.Any; kotlin.Annotation]' type=kotlin.reflect.KClass<androidx.media3.common.util.UnstableApi>] type=kotlin.Array<out kotlin.reflect.KClass<out kotlin.Annotation>> varargElementType=kotlin.reflect.KClass<out kotlin.Annotation>)
    Composable
  BLOCK_BODY
    VAR PROPERTY_DELEGATE name:exoPlayer$delegate type:androidx.compose.runtime.MutableState<androidx.media3.exoplayer.ExoPlayer?> [val]
      CALL 'public final fun remember <T> (calculation: @[DisallowComposableCalls] kotlin.Function0<T of androidx.compose.runtime.ComposablesKt.remember>): T of androidx.compose.runtime.ComposablesKt.remember [inline] declared in androidx.compose.runtime.ComposablesKt' type=androidx.compose.runtime.MutableState<androidx.media3.exoplayer.ExoPlayer?> origin=null
        TYPE_ARG T: androidx.compose.runtime.MutableState<androidx.media3.exoplayer.ExoPlayer?>
        ARG calculation: BLOCK type=kotlin.Function0<androidx.compose.runtime.MutableState<androidx.media3.exoplayer.ExoPlayer?>> origin=LAMBDA
          COMPOSITE type=kotlin.Unit origin=null
          FUNCTION_REFERENCE 'private final fun VideoPlayer$lambda$0 (): androidx.compose.runtime.MutableState<androidx.media3.exoplayer.ExoPlayer?> declared in com.pamu.gymbro.core.presentation.components.VideoPlayerKt' type=kotlin.Function0<androidx.compose.runtime.MutableState<androidx.media3.exoplayer.ExoPlayer?>> origin=INLINE_LAMBDA reflectionTarget=null
    CALL 'public final fun AndroidView$default <T> (factory: kotlin.Function1<android.content.Context, T of androidx.compose.ui.viewinterop.AndroidView_androidKt.AndroidView$default>, modifier: androidx.compose.ui.Modifier?, update: kotlin.Function1<T of androidx.compose.ui.viewinterop.AndroidView_androidKt.AndroidView$default, kotlin.Unit>?, $mask0: kotlin.Int, $handler: kotlin.Any?): kotlin.Unit declared in androidx.compose.ui.viewinterop.AndroidView_androidKt' type=kotlin.Unit origin=DEFAULT_DISPATCH_CALL
      TYPE_ARG T: androidx.media3.ui.PlayerView
      ARG factory: BLOCK type=kotlin.Function1<android.content.Context, androidx.media3.ui.PlayerView> origin=LAMBDA
        COMPOSITE type=kotlin.Unit origin=null
        CALL 'public final fun <jvm-indy> <T> (dynamicCall: T of kotlin.jvm.internal.<jvm-indy>, bootstrapMethodHandle: kotlin.Any, vararg bootstrapMethodArguments: kotlin.Any): T of kotlin.jvm.internal.<jvm-indy> declared in kotlin.jvm.internal' type=kotlin.Function1<android.content.Context, androidx.media3.ui.PlayerView> origin=null
          TYPE_ARG T: kotlin.Function1<android.content.Context, androidx.media3.ui.PlayerView>
          ARG dynamicCall: CALL 'public final fun invoke (p0: androidx.compose.runtime.MutableState<androidx.media3.exoplayer.ExoPlayer?>): kotlin.Function1<android.content.Context, androidx.media3.ui.PlayerView> declared in kotlin.jvm.internal.invokeDynamic' type=kotlin.Function1<android.content.Context, androidx.media3.ui.PlayerView> origin=null
            ARG p0: GET_VAR 'val exoPlayer$delegate: androidx.compose.runtime.MutableState<androidx.media3.exoplayer.ExoPlayer?> [val] declared in com.pamu.gymbro.core.presentation.components.VideoPlayerKt.VideoPlayer' type=androidx.compose.runtime.MutableState<androidx.media3.exoplayer.ExoPlayer?> origin=null
          ARG bootstrapMethodHandle: CALL 'public final fun <jvm-method-handle> (tag: kotlin.Int, owner: kotlin.String, name: kotlin.String, descriptor: kotlin.String, isInterface: kotlin.Boolean): kotlin.Any declared in kotlin.jvm.internal' type=kotlin.Any origin=null
            ARG tag: CONST Int type=kotlin.Int value=6
            ARG owner: CONST String type=kotlin.String value="java/lang/invoke/LambdaMetafactory"
            ARG name: CONST String type=kotlin.String value="metafactory"
            ARG descriptor: CONST String type=kotlin.String value="(Ljava/lang/invoke/MethodHandles$Lookup;Ljava/lang/String;Ljava/lang/invoke/MethodType;Ljava/lang/invoke/MethodType;Ljava/lang/invoke/MethodHandle;Ljava/lang/invoke/MethodType;)Ljava/lang/invoke/CallSite;"
            ARG isInterface: CONST Boolean type=kotlin.Boolean value=false
          ARG bootstrapMethodArguments: VARARG type=kotlin.Array<kotlin.Any> varargElementType=kotlin.Any
            CALL 'public final fun <jvm-original-method-type> (method: kotlin.Any): kotlin.Any declared in kotlin.jvm.internal' type=kotlin.Any origin=null
              ARG method: RAW_FUNCTION_REFERENCE 'public abstract fun invoke (p1: P1 of kotlin.Function1): R of kotlin.Function1 [operator] declared in kotlin.Function1' type=kotlin.Any
            RAW_FUNCTION_REFERENCE 'private final fun VideoPlayer$lambda$5 ($exoPlayer$delegate: androidx.compose.runtime.MutableState<androidx.media3.exoplayer.ExoPlayer?>, ctx: android.content.Context): androidx.media3.ui.PlayerView declared in com.pamu.gymbro.core.presentation.components.VideoPlayerKt' type=kotlin.Any
            CALL 'public final fun <jvm-original-method-type> (method: kotlin.Any): kotlin.Any declared in kotlin.jvm.internal' type=kotlin.Any origin=null
              ARG method: RAW_FUNCTION_REFERENCE 'public abstract fun invoke (p1: android.content.Context): androidx.media3.ui.PlayerView [fake_override,operator] declared in kotlin.jvm.internal.invokeDynamic.<fake>' type=kotlin.Any
      ARG modifier: CALL 'public final fun aspectRatio$default (<this>: androidx.compose.ui.Modifier, ratio: kotlin.Float, matchHeightConstraintsFirst: kotlin.Boolean, $mask0: kotlin.Int, $handler: kotlin.Any?): androidx.compose.ui.Modifier declared in androidx.compose.foundation.layout.AspectRatioKt' type=androidx.compose.ui.Modifier origin=DEFAULT_DISPATCH_CALL
        ARG <this>: CALL 'public final fun fillMaxWidth$default (<this>: androidx.compose.ui.Modifier, fraction: kotlin.Float, $mask0: kotlin.Int, $handler: kotlin.Any?): androidx.compose.ui.Modifier declared in androidx.compose.foundation.layout.SizeKt' type=androidx.compose.ui.Modifier origin=DEFAULT_DISPATCH_CALL
          ARG <this>: GET_VAR 'modifier: androidx.compose.ui.Modifier declared in com.pamu.gymbro.core.presentation.components.VideoPlayerKt.VideoPlayer' type=androidx.compose.ui.Modifier origin=null
          ARG fraction: COMPOSITE type=kotlin.Float origin=DEFAULT_VALUE
            CONST Float type=kotlin.Float value=0.0
          ARG $mask0: CONST Int type=kotlin.Int value=1
          ARG $handler: CONST Null type=kotlin.Any? value=null
        ARG ratio: CONST Float type=kotlin.Float value=1.7777778
        ARG matchHeightConstraintsFirst: COMPOSITE type=kotlin.Boolean origin=DEFAULT_VALUE
          CONST Boolean type=kotlin.Boolean value=false
        ARG $mask0: CONST Int type=kotlin.Int value=2
        ARG $handler: CONST Null type=kotlin.Any? value=null
      ARG update: COMPOSITE type=kotlin.Function1<T of androidx.compose.ui.viewinterop.AndroidView_androidKt.AndroidView$default, kotlin.Unit>? origin=DEFAULT_VALUE
        CONST Null type=kotlin.Function1<T of androidx.compose.ui.viewinterop.AndroidView_androidKt.AndroidView$default, kotlin.Unit>? value=null
      ARG $mask0: CONST Int type=kotlin.Int value=4
      ARG $handler: CONST Null type=kotlin.Any? value=null
    CALL 'public final fun LaunchedEffect (key1: kotlin.Any?, key2: kotlin.Any?, block: @[ExtensionFunctionType] kotlin.coroutines.SuspendFunction1<kotlinx.coroutines.CoroutineScope, kotlin.Unit>): kotlin.Unit declared in androidx.compose.runtime.EffectsKt' type=kotlin.Unit origin=null
      ARG key1: GET_VAR 'videoUrl: kotlin.String declared in com.pamu.gymbro.core.presentation.components.VideoPlayerKt.VideoPlayer' type=kotlin.String origin=null
      ARG key2: CALL 'private final fun VideoPlayer$lambda$1 ($exoPlayer$delegate: androidx.compose.runtime.MutableState<androidx.media3.exoplayer.ExoPlayer?>): androidx.media3.exoplayer.ExoPlayer? declared in com.pamu.gymbro.core.presentation.components.VideoPlayerKt' type=androidx.media3.exoplayer.ExoPlayer? origin=GET_LOCAL_PROPERTY
        ARG $exoPlayer$delegate: GET_VAR 'val exoPlayer$delegate: androidx.compose.runtime.MutableState<androidx.media3.exoplayer.ExoPlayer?> [val] declared in com.pamu.gymbro.core.presentation.components.VideoPlayerKt.VideoPlayer' type=androidx.compose.runtime.MutableState<androidx.media3.exoplayer.ExoPlayer?> origin=null
      ARG block: BLOCK type=com.pamu.gymbro.core.presentation.components.VideoPlayerKt.VideoPlayer.<no name provided> origin=null
        CLASS SUSPEND_LAMBDA CLASS name:<no name provided> modality:FINAL visibility:public/*package*/ superTypes:[kotlin.coroutines.jvm.internal.SuspendLambda; kotlin.jvm.functions.Function2<kotlinx.coroutines.CoroutineScope, kotlin.coroutines.Continuation<kotlin.Unit>?, kotlin.Any?>]
          thisReceiver: VALUE_PARAMETER INSTANCE_RECEIVER kind:DispatchReceiver name:<this> type:com.pamu.gymbro.core.presentation.components.VideoPlayerKt.VideoPlayer.<no name provided>
          FIELD name:label type:kotlin.Int visibility:public/*package*/
          CONSTRUCTOR SUSPEND_LAMBDA visibility:public/*package*/ returnType:com.pamu.gymbro.core.presentation.components.VideoPlayerKt.VideoPlayer.<no name provided> [primary]
            VALUE_PARAMETER BOUND_VALUE_PARAMETER kind:Regular name:$exoPlayer$delegate index:0 type:androidx.compose.runtime.MutableState<androidx.media3.exoplayer.ExoPlayer?>
            VALUE_PARAMETER BOUND_VALUE_PARAMETER kind:Regular name:$videoUrl index:1 type:kotlin.String
            VALUE_PARAMETER kind:Regular name:$completion index:2 type:kotlin.coroutines.Continuation<com.pamu.gymbro.core.presentation.components.VideoPlayerKt.VideoPlayer.<no name provided>>?
            BLOCK_BODY
              SET_FIELD 'FIELD FIELD_FOR_CAPTURED_VALUE name:$exoPlayer$delegate type:androidx.compose.runtime.MutableState<androidx.media3.exoplayer.ExoPlayer?> visibility:public/*package*/ [final] declared in com.pamu.gymbro.core.presentation.components.VideoPlayerKt.VideoPlayer.<no name provided>' type=kotlin.Unit origin=INITIALIZER_OF_FIELD_FOR_CAPTURED_VALUE
                receiver: GET_VAR '<this>: com.pamu.gymbro.core.presentation.components.VideoPlayerKt.VideoPlayer.<no name provided> declared in com.pamu.gymbro.core.presentation.components.VideoPlayerKt.VideoPlayer.<no name provided>' type=com.pamu.gymbro.core.presentation.components.VideoPlayerKt.VideoPlayer.<no name provided> origin=null
                value: GET_VAR '$exoPlayer$delegate: androidx.compose.runtime.MutableState<androidx.media3.exoplayer.ExoPlayer?> declared in com.pamu.gymbro.core.presentation.components.VideoPlayerKt.VideoPlayer.<no name provided>.<init>' type=androidx.compose.runtime.MutableState<androidx.media3.exoplayer.ExoPlayer?> origin=null
              SET_FIELD 'FIELD FIELD_FOR_CAPTURED_VALUE name:$videoUrl type:kotlin.String visibility:public/*package*/ [final] declared in com.pamu.gymbro.core.presentation.components.VideoPlayerKt.VideoPlayer.<no name provided>' type=kotlin.Unit origin=INITIALIZER_OF_FIELD_FOR_CAPTURED_VALUE
                receiver: GET_VAR '<this>: com.pamu.gymbro.core.presentation.components.VideoPlayerKt.VideoPlayer.<no name provided> declared in com.pamu.gymbro.core.presentation.components.VideoPlayerKt.VideoPlayer.<no name provided>' type=com.pamu.gymbro.core.presentation.components.VideoPlayerKt.VideoPlayer.<no name provided> origin=null
                value: GET_VAR '$videoUrl: kotlin.String declared in com.pamu.gymbro.core.presentation.components.VideoPlayerKt.VideoPlayer.<no name provided>.<init>' type=kotlin.String origin=null
              DELEGATING_CONSTRUCTOR_CALL 'public constructor <init> (arity: kotlin.Int, $completion: kotlin.coroutines.Continuation<kotlin.Any?>?) declared in kotlin.coroutines.jvm.internal.SuspendLambda'
                ARG arity: CONST Int type=kotlin.Int value=2
                ARG $completion: GET_VAR '$completion: kotlin.coroutines.Continuation<com.pamu.gymbro.core.presentation.components.VideoPlayerKt.VideoPlayer.<no name provided>>? declared in com.pamu.gymbro.core.presentation.components.VideoPlayerKt.VideoPlayer.<no name provided>.<init>' type=kotlin.coroutines.Continuation<com.pamu.gymbro.core.presentation.components.VideoPlayerKt.VideoPlayer.<no name provided>>? origin=null
              BLOCK type=kotlin.Unit origin=null
          FUN name:invokeSuspend visibility:public modality:FINAL returnType:kotlin.Any?
            VALUE_PARAMETER INSTANCE_RECEIVER kind:DispatchReceiver name:<this> index:0 type:com.pamu.gymbro.core.presentation.components.VideoPlayerKt.VideoPlayer.<no name provided>
            VALUE_PARAMETER kind:Regular name:$result index:1 type:kotlin.Result<kotlin.Any?>
            overridden:
              protected abstract fun invokeSuspend ($result: kotlin.Result<kotlin.Any?>): kotlin.Any? declared in kotlin.coroutines.jvm.internal.SuspendLambda
            BLOCK_BODY
              COMPOSITE type=kotlin.Unit origin=null
                BLOCK type=kotlin.Unit? origin=FOLDED_SAFE_CALL
                  WHEN type=kotlin.Unit? origin=FOLDED_SAFE_CALL
                    BRANCH
                      if: COMPOSITE type=kotlin.Boolean origin=null
                        VAR IR_TEMPORARY_VARIABLE name:tmp0_safe_receiver type:androidx.media3.exoplayer.ExoPlayer? [val]
                          CALL 'public final fun access$VideoPlayer$lambda$1 ($exoPlayer$delegate: androidx.compose.runtime.MutableState<androidx.media3.exoplayer.ExoPlayer?>): androidx.media3.exoplayer.ExoPlayer? declared in com.pamu.gymbro.core.presentation.components.VideoPlayerKt' type=androidx.media3.exoplayer.ExoPlayer? origin=GET_LOCAL_PROPERTY
                            ARG $exoPlayer$delegate: GET_FIELD 'FIELD FIELD_FOR_CAPTURED_VALUE name:$exoPlayer$delegate type:androidx.compose.runtime.MutableState<androidx.media3.exoplayer.ExoPlayer?> visibility:public/*package*/ [final] declared in com.pamu.gymbro.core.presentation.components.VideoPlayerKt.VideoPlayer.<no name provided>' type=androidx.compose.runtime.MutableState<androidx.media3.exoplayer.ExoPlayer?> origin=null
                              receiver: GET_VAR '<this>: com.pamu.gymbro.core.presentation.components.VideoPlayerKt.VideoPlayer.<no name provided> declared in com.pamu.gymbro.core.presentation.components.VideoPlayerKt.VideoPlayer.<no name provided>.invokeSuspend' type=com.pamu.gymbro.core.presentation.components.VideoPlayerKt.VideoPlayer.<no name provided> origin=null
                        CALL 'public final fun not (): kotlin.Boolean [operator] declared in kotlin.Boolean' type=kotlin.Boolean origin=null
                          ARG <this>: CALL 'public final fun EQEQ (arg0: kotlin.Any?, arg1: kotlin.Any?): kotlin.Boolean declared in kotlin.internal.ir' type=kotlin.Boolean origin=null
                            ARG arg0: GET_VAR 'val tmp0_safe_receiver: androidx.media3.exoplayer.ExoPlayer? [val] declared in com.pamu.gymbro.core.presentation.components.VideoPlayerKt.VideoPlayer.<no name provided>.invokeSuspend' type=androidx.media3.exoplayer.ExoPlayer? origin=null
                            ARG arg1: CONST Null type=kotlin.Nothing? value=null
                      then: CALL 'public final fun let <T, R> (<this>: T of kotlin.StandardKt.let, block: kotlin.Function1<T of kotlin.StandardKt.let, R of kotlin.StandardKt.let>): R of kotlin.StandardKt.let [inline] declared in kotlin.StandardKt' type=kotlin.Unit origin=null
                        TYPE_ARG T: androidx.media3.exoplayer.ExoPlayer
                        TYPE_ARG R: kotlin.Unit
                        ARG <this>: GET_VAR 'val tmp0_safe_receiver: androidx.media3.exoplayer.ExoPlayer? [val] declared in com.pamu.gymbro.core.presentation.components.VideoPlayerKt.VideoPlayer.<no name provided>.invokeSuspend' type=androidx.media3.exoplayer.ExoPlayer? origin=null
                        ARG block: BLOCK type=kotlin.Function1<androidx.media3.exoplayer.ExoPlayer, kotlin.Unit> origin=LAMBDA
                          COMPOSITE type=kotlin.Unit origin=null
                          FUNCTION_REFERENCE 'private final fun invokeSuspend$lambda$0 ($videoUrl: kotlin.String, player: androidx.media3.exoplayer.ExoPlayer): kotlin.Unit declared in com.pamu.gymbro.core.presentation.components.VideoPlayerKt.VideoPlayer.<no name provided>' type=kotlin.Function1<androidx.media3.exoplayer.ExoPlayer, kotlin.Unit> origin=INLINE_LAMBDA reflectionTarget=null
                            ARG $videoUrl: GET_FIELD 'FIELD FIELD_FOR_CAPTURED_VALUE name:$videoUrl type:kotlin.String visibility:public/*package*/ [final] declared in com.pamu.gymbro.core.presentation.components.VideoPlayerKt.VideoPlayer.<no name provided>' type=kotlin.String origin=null
                              receiver: GET_VAR '<this>: com.pamu.gymbro.core.presentation.components.VideoPlayerKt.VideoPlayer.<no name provided> declared in com.pamu.gymbro.core.presentation.components.VideoPlayerKt.VideoPlayer.<no name provided>.invokeSuspend' type=com.pamu.gymbro.core.presentation.components.VideoPlayerKt.VideoPlayer.<no name provided> origin=null
                    BRANCH
                      if: CONST Boolean type=kotlin.Boolean value=true
                      then: CONST Null type=kotlin.Nothing? value=null
          FUN name:create visibility:public modality:FINAL returnType:kotlin.coroutines.Continuation<kotlin.Unit>
            VALUE_PARAMETER INSTANCE_RECEIVER kind:DispatchReceiver name:<this> index:0 type:com.pamu.gymbro.core.presentation.components.VideoPlayerKt.VideoPlayer.<no name provided>
            VALUE_PARAMETER kind:Regular name:value index:1 type:kotlin.Any?
            VALUE_PARAMETER kind:Regular name:$completion index:2 type:kotlin.coroutines.Continuation<kotlin.Nothing>
            overridden:
              public open fun create (value: kotlin.Any?, $completion: kotlin.coroutines.Continuation<kotlin.Nothing>): kotlin.coroutines.Continuation<kotlin.Unit> declared in kotlin.coroutines.jvm.internal.SuspendLambda
            BLOCK_BODY
              RETURN type=kotlin.Nothing from='public final fun create (value: kotlin.Any?, $completion: kotlin.coroutines.Continuation<kotlin.Nothing>): kotlin.coroutines.Continuation<kotlin.Unit> declared in com.pamu.gymbro.core.presentation.components.VideoPlayerKt.VideoPlayer.<no name provided>'
                CONSTRUCTOR_CALL 'public/*package*/ constructor <init> ($exoPlayer$delegate: androidx.compose.runtime.MutableState<androidx.media3.exoplayer.ExoPlayer?>, $videoUrl: kotlin.String, $completion: kotlin.coroutines.Continuation<com.pamu.gymbro.core.presentation.components.VideoPlayerKt.VideoPlayer.<no name provided>>?) [primary] declared in com.pamu.gymbro.core.presentation.components.VideoPlayerKt.VideoPlayer.<no name provided>' type=com.pamu.gymbro.core.presentation.components.VideoPlayerKt.VideoPlayer.<no name provided> origin=null
                  ARG $exoPlayer$delegate: GET_FIELD 'FIELD FIELD_FOR_CAPTURED_VALUE name:$exoPlayer$delegate type:androidx.compose.runtime.MutableState<androidx.media3.exoplayer.ExoPlayer?> visibility:public/*package*/ [final] declared in com.pamu.gymbro.core.presentation.components.VideoPlayerKt.VideoPlayer.<no name provided>' type=androidx.compose.runtime.MutableState<androidx.media3.exoplayer.ExoPlayer?> origin=null
                    receiver: GET_VAR '<this>: com.pamu.gymbro.core.presentation.components.VideoPlayerKt.VideoPlayer.<no name provided> declared in com.pamu.gymbro.core.presentation.components.VideoPlayerKt.VideoPlayer.<no name provided>.create' type=com.pamu.gymbro.core.presentation.components.VideoPlayerKt.VideoPlayer.<no name provided> origin=null
                  ARG $videoUrl: GET_FIELD 'FIELD FIELD_FOR_CAPTURED_VALUE name:$videoUrl type:kotlin.String visibility:public/*package*/ [final] declared in com.pamu.gymbro.core.presentation.components.VideoPlayerKt.VideoPlayer.<no name provided>' type=kotlin.String origin=null
                    receiver: GET_VAR '<this>: com.pamu.gymbro.core.presentation.components.VideoPlayerKt.VideoPlayer.<no name provided> declared in com.pamu.gymbro.core.presentation.components.VideoPlayerKt.VideoPlayer.<no name provided>.create' type=com.pamu.gymbro.core.presentation.components.VideoPlayerKt.VideoPlayer.<no name provided> origin=null
                  ARG $completion: GET_VAR '$completion: kotlin.coroutines.Continuation<kotlin.Nothing> declared in com.pamu.gymbro.core.presentation.components.VideoPlayerKt.VideoPlayer.<no name provided>.create' type=kotlin.coroutines.Continuation<kotlin.Nothing> origin=null
          FUN name:invoke visibility:public modality:FINAL returnType:kotlin.Any?
            VALUE_PARAMETER INSTANCE_RECEIVER kind:DispatchReceiver name:<this> index:0 type:com.pamu.gymbro.core.presentation.components.VideoPlayerKt.VideoPlayer.<no name provided>
            VALUE_PARAMETER kind:Regular name:p1 index:1 type:kotlinx.coroutines.CoroutineScope
            VALUE_PARAMETER kind:Regular name:p2 index:2 type:kotlin.coroutines.Continuation<kotlin.Unit>?
            overridden:
              public abstract fun invoke (p1: P1 of kotlin.jvm.functions.Function2, p2: P2 of kotlin.jvm.functions.Function2): R of kotlin.jvm.functions.Function2 declared in kotlin.jvm.functions.Function2
            BLOCK_BODY
              RETURN type=kotlin.Nothing from='public final fun invoke (p1: kotlinx.coroutines.CoroutineScope, p2: kotlin.coroutines.Continuation<kotlin.Unit>?): kotlin.Any? declared in com.pamu.gymbro.core.presentation.components.VideoPlayerKt.VideoPlayer.<no name provided>'
                CALL 'public final fun invokeSuspend ($result: kotlin.Result<kotlin.Any?>): kotlin.Any? declared in com.pamu.gymbro.core.presentation.components.VideoPlayerKt.VideoPlayer.<no name provided>' type=kotlin.Any? origin=null
                  ARG <this>: TYPE_OP type=com.pamu.gymbro.core.presentation.components.VideoPlayerKt.VideoPlayer.<no name provided> origin=IMPLICIT_CAST typeOperand=com.pamu.gymbro.core.presentation.components.VideoPlayerKt.VideoPlayer.<no name provided>
                    CALL 'public final fun create (value: kotlin.Any?, $completion: kotlin.coroutines.Continuation<kotlin.Nothing>): kotlin.coroutines.Continuation<kotlin.Unit> declared in com.pamu.gymbro.core.presentation.components.VideoPlayerKt.VideoPlayer.<no name provided>' type=kotlin.coroutines.Continuation<kotlin.Unit> origin=null
                      ARG <this>: GET_VAR '<this>: com.pamu.gymbro.core.presentation.components.VideoPlayerKt.VideoPlayer.<no name provided> declared in com.pamu.gymbro.core.presentation.components.VideoPlayerKt.VideoPlayer.<no name provided>.invoke' type=com.pamu.gymbro.core.presentation.components.VideoPlayerKt.VideoPlayer.<no name provided> origin=null
                      ARG value: GET_VAR 'p1: kotlinx.coroutines.CoroutineScope declared in com.pamu.gymbro.core.presentation.components.VideoPlayerKt.VideoPlayer.<no name provided>.invoke' type=kotlinx.coroutines.CoroutineScope origin=null
                      ARG $completion: GET_VAR 'p2: kotlin.coroutines.Continuation<kotlin.Unit>? declared in com.pamu.gymbro.core.presentation.components.VideoPlayerKt.VideoPlayer.<no name provided>.invoke' type=kotlin.coroutines.Continuation<kotlin.Unit>? origin=null
                  ARG $result: CALL 'public final fun <unsafe-coerce> <T, R> (v: T of kotlin.jvm.internal.<unsafe-coerce>): R of kotlin.jvm.internal.<unsafe-coerce> declared in kotlin.jvm.internal' type=kotlin.Result<kotlin.Any?> origin=null
                    TYPE_ARG T: kotlin.Any?
                    TYPE_ARG R: kotlin.Result<kotlin.Any?>
                    ARG v: GET_FIELD 'FIELD FIELD_FOR_OBJECT_INSTANCE name:INSTANCE type:kotlin.Unit visibility:public [final,static] declared in kotlin.Unit' type=kotlin.Unit origin=null
          FIELD FIELD_FOR_CAPTURED_VALUE name:$exoPlayer$delegate type:androidx.compose.runtime.MutableState<androidx.media3.exoplayer.ExoPlayer?> visibility:public/*package*/ [final]
          FIELD FIELD_FOR_CAPTURED_VALUE name:$videoUrl type:kotlin.String visibility:public/*package*/ [final]
          FUN INLINE_LAMBDA name:invokeSuspend$lambda$0 visibility:private modality:FINAL returnType:kotlin.Unit
            VALUE_PARAMETER BOUND_VALUE_PARAMETER kind:Regular name:$videoUrl index:0 type:kotlin.String
            VALUE_PARAMETER kind:Regular name:player index:1 type:androidx.media3.exoplayer.ExoPlayer
            BLOCK_BODY
              VAR name:$i$a$-let-VideoPlayerKt$VideoPlayer$2$1 type:kotlin.Int [val]
                CONST Int type=kotlin.Int value=0
              WHEN type=kotlin.Unit origin=IF
                BRANCH
                  if: CALL 'public final fun isNotEmpty (<this>: kotlin.CharSequence): kotlin.Boolean [inline] declared in kotlin.text.StringsKt' type=kotlin.Boolean origin=null
                    ARG <this>: GET_VAR '$videoUrl: kotlin.String declared in com.pamu.gymbro.core.presentation.components.VideoPlayerKt.VideoPlayer.<no name provided>.invokeSuspend$lambda$0' type=kotlin.String origin=null
                  then: BLOCK type=kotlin.Unit origin=null
                    VAR name:mediaItem type:androidx.media3.common.MediaItem [val]
                      BLOCK type=androidx.media3.common.MediaItem origin=null
                        VAR IR_TEMPORARY_VARIABLE name:tmp0 type:kotlin.Any? [val]
                          CALL 'public open fun fromUri (p0: @[EnhancedNullability] kotlin.String): @[EnhancedNullability] androidx.media3.common.MediaItem declared in androidx.media3.common.MediaItem' type=@[EnhancedNullability] androidx.media3.common.MediaItem origin=null
                            ARG p0: GET_VAR '$videoUrl: kotlin.String declared in com.pamu.gymbro.core.presentation.components.VideoPlayerKt.VideoPlayer.<no name provided>.invokeSuspend$lambda$0' type=kotlin.String origin=null
                        CALL 'public final fun checkNotNullExpressionValue (value: kotlin.Any?, expression: kotlin.String): kotlin.Unit declared in kotlin.jvm.internal.Intrinsics' type=kotlin.Unit origin=null
                          ARG value: GET_VAR 'val tmp0: kotlin.Any? [val] declared in com.pamu.gymbro.core.presentation.components.VideoPlayerKt.VideoPlayer.<no name provided>.invokeSuspend$lambda$0' type=kotlin.Any? origin=null
                          ARG expression: CONST String type=kotlin.String value="fromUri(...)"
                        GET_VAR 'val tmp0: kotlin.Any? [val] declared in com.pamu.gymbro.core.presentation.components.VideoPlayerKt.VideoPlayer.<no name provided>.invokeSuspend$lambda$0' type=kotlin.Any? origin=null
                    CALL 'public abstract fun setMediaItem (p0: @[EnhancedNullability] androidx.media3.common.MediaItem): kotlin.Unit [fake_override] declared in androidx.media3.exoplayer.ExoPlayer' type=kotlin.Unit origin=null
                      ARG <this>: GET_VAR 'player: androidx.media3.exoplayer.ExoPlayer declared in com.pamu.gymbro.core.presentation.components.VideoPlayerKt.VideoPlayer.<no name provided>.invokeSuspend$lambda$0' type=androidx.media3.exoplayer.ExoPlayer origin=null
                      ARG p0: GET_VAR 'val mediaItem: androidx.media3.common.MediaItem [val] declared in com.pamu.gymbro.core.presentation.components.VideoPlayerKt.VideoPlayer.<no name provided>.invokeSuspend$lambda$0' type=androidx.media3.common.MediaItem origin=null
                    CALL 'public abstract fun prepare (): kotlin.Unit [fake_override] declared in androidx.media3.exoplayer.ExoPlayer' type=kotlin.Unit origin=null
                      ARG <this>: GET_VAR 'player: androidx.media3.exoplayer.ExoPlayer declared in com.pamu.gymbro.core.presentation.components.VideoPlayerKt.VideoPlayer.<no name provided>.invokeSuspend$lambda$0' type=androidx.media3.exoplayer.ExoPlayer origin=null
                    CALL 'public abstract fun setPlayWhenReady (p0: kotlin.Boolean): kotlin.Unit [fake_override] declared in androidx.media3.exoplayer.ExoPlayer' type=kotlin.Unit origin=EQ
                      ARG <this>: GET_VAR 'player: androidx.media3.exoplayer.ExoPlayer declared in com.pamu.gymbro.core.presentation.components.VideoPlayerKt.VideoPlayer.<no name provided>.invokeSuspend$lambda$0' type=androidx.media3.exoplayer.ExoPlayer origin=null
                      ARG p0: CONST Boolean type=kotlin.Boolean value=true
          FUN BRIDGE name:invoke visibility:public modality:OPEN returnType:kotlin.Any?
            VALUE_PARAMETER INSTANCE_RECEIVER kind:DispatchReceiver name:<this> index:0 type:com.pamu.gymbro.core.presentation.components.VideoPlayerKt.VideoPlayer.<no name provided>
            VALUE_PARAMETER BRIDGE kind:Regular name:p1 index:1 type:kotlin.Any?
            VALUE_PARAMETER BRIDGE kind:Regular name:p2 index:2 type:kotlin.Any?
            EXPRESSION_BODY
              RETURN type=kotlin.Nothing from='public open fun invoke (p1: kotlin.Any?, p2: kotlin.Any?): kotlin.Any? declared in com.pamu.gymbro.core.presentation.components.VideoPlayerKt.VideoPlayer.<no name provided>'
                CALL 'public final fun invoke (p1: kotlinx.coroutines.CoroutineScope, p2: kotlin.coroutines.Continuation<kotlin.Unit>?): kotlin.Any? declared in com.pamu.gymbro.core.presentation.components.VideoPlayerKt.VideoPlayer.<no name provided>' type=kotlin.Any? origin=BRIDGE_DELEGATION
                  ARG <this>: GET_VAR '<this>: com.pamu.gymbro.core.presentation.components.VideoPlayerKt.VideoPlayer.<no name provided> declared in com.pamu.gymbro.core.presentation.components.VideoPlayerKt.VideoPlayer.<no name provided>.invoke' type=com.pamu.gymbro.core.presentation.components.VideoPlayerKt.VideoPlayer.<no name provided> origin=null
                  ARG p1: TYPE_OP type=kotlinx.coroutines.CoroutineScope origin=IMPLICIT_CAST typeOperand=kotlinx.coroutines.CoroutineScope
                    GET_VAR 'p1: kotlin.Any? declared in com.pamu.gymbro.core.presentation.components.VideoPlayerKt.VideoPlayer.<no name provided>.invoke' type=kotlin.Any? origin=null
                  ARG p2: TYPE_OP type=kotlin.coroutines.Continuation<*> origin=IMPLICIT_CAST typeOperand=kotlin.coroutines.Continuation<*>
                    GET_VAR 'p2: kotlin.Any? declared in com.pamu.gymbro.core.presentation.components.VideoPlayerKt.VideoPlayer.<no name provided>.invoke' type=kotlin.Any? origin=null
        CONSTRUCTOR_CALL 'public/*package*/ constructor <init> ($exoPlayer$delegate: androidx.compose.runtime.MutableState<androidx.media3.exoplayer.ExoPlayer?>, $videoUrl: kotlin.String, $completion: kotlin.coroutines.Continuation<com.pamu.gymbro.core.presentation.components.VideoPlayerKt.VideoPlayer.<no name provided>>?) [primary] declared in com.pamu.gymbro.core.presentation.components.VideoPlayerKt.VideoPlayer.<no name provided>' type=com.pamu.gymbro.core.presentation.components.VideoPlayerKt.VideoPlayer.<no name provided> origin=null
          ARG $exoPlayer$delegate: GET_VAR 'val exoPlayer$delegate: androidx.compose.runtime.MutableState<androidx.media3.exoplayer.ExoPlayer?> [val] declared in com.pamu.gymbro.core.presentation.components.VideoPlayerKt.VideoPlayer' type=androidx.compose.runtime.MutableState<androidx.media3.exoplayer.ExoPlayer?> origin=null
          ARG $videoUrl: GET_VAR 'videoUrl: kotlin.String declared in com.pamu.gymbro.core.presentation.components.VideoPlayerKt.VideoPlayer' type=kotlin.String origin=null
          ARG $completion: CONST Null type=kotlin.Nothing? value=null
    CALL 'public final fun DisposableEffect (key1: kotlin.Any?, effect: @[ExtensionFunctionType] kotlin.Function1<androidx.compose.runtime.DisposableEffectScope, androidx.compose.runtime.DisposableEffectResult>): kotlin.Unit declared in androidx.compose.runtime.EffectsKt' type=kotlin.Unit origin=null
      ARG key1: GET_FIELD 'FIELD FIELD_FOR_OBJECT_INSTANCE name:INSTANCE type:kotlin.Unit visibility:public [final,static] declared in kotlin.Unit' type=kotlin.Unit origin=null
      ARG effect: BLOCK type=@[ExtensionFunctionType] kotlin.Function1<androidx.compose.runtime.DisposableEffectScope, androidx.compose.runtime.DisposableEffectResult> origin=LAMBDA
        COMPOSITE type=kotlin.Unit origin=null
        CALL 'public final fun <jvm-indy> <T> (dynamicCall: T of kotlin.jvm.internal.<jvm-indy>, bootstrapMethodHandle: kotlin.Any, vararg bootstrapMethodArguments: kotlin.Any): T of kotlin.jvm.internal.<jvm-indy> declared in kotlin.jvm.internal' type=@[ExtensionFunctionType] kotlin.Function1<androidx.compose.runtime.DisposableEffectScope, androidx.compose.runtime.DisposableEffectResult> origin=null
          TYPE_ARG T: @[ExtensionFunctionType] kotlin.Function1<androidx.compose.runtime.DisposableEffectScope, androidx.compose.runtime.DisposableEffectResult>
          ARG dynamicCall: CALL 'public final fun invoke (p0: androidx.compose.runtime.MutableState<androidx.media3.exoplayer.ExoPlayer?>): @[ExtensionFunctionType] kotlin.Function1<androidx.compose.runtime.DisposableEffectScope, androidx.compose.runtime.DisposableEffectResult> declared in kotlin.jvm.internal.invokeDynamic' type=@[ExtensionFunctionType] kotlin.Function1<androidx.compose.runtime.DisposableEffectScope, androidx.compose.runtime.DisposableEffectResult> origin=null
            ARG p0: GET_VAR 'val exoPlayer$delegate: androidx.compose.runtime.MutableState<androidx.media3.exoplayer.ExoPlayer?> [val] declared in com.pamu.gymbro.core.presentation.components.VideoPlayerKt.VideoPlayer' type=androidx.compose.runtime.MutableState<androidx.media3.exoplayer.ExoPlayer?> origin=null
          ARG bootstrapMethodHandle: CALL 'public final fun <jvm-method-handle> (tag: kotlin.Int, owner: kotlin.String, name: kotlin.String, descriptor: kotlin.String, isInterface: kotlin.Boolean): kotlin.Any declared in kotlin.jvm.internal' type=kotlin.Any origin=null
            ARG tag: CONST Int type=kotlin.Int value=6
            ARG owner: CONST String type=kotlin.String value="java/lang/invoke/LambdaMetafactory"
            ARG name: CONST String type=kotlin.String value="metafactory"
            ARG descriptor: CONST String type=kotlin.String value="(Ljava/lang/invoke/MethodHandles$Lookup;Ljava/lang/String;Ljava/lang/invoke/MethodType;Ljava/lang/invoke/MethodType;Ljava/lang/invoke/MethodHandle;Ljava/lang/invoke/MethodType;)Ljava/lang/invoke/CallSite;"
            ARG isInterface: CONST Boolean type=kotlin.Boolean value=false
          ARG bootstrapMethodArguments: VARARG type=kotlin.Array<kotlin.Any> varargElementType=kotlin.Any
            CALL 'public final fun <jvm-original-method-type> (method: kotlin.Any): kotlin.Any declared in kotlin.jvm.internal' type=kotlin.Any origin=null
              ARG method: RAW_FUNCTION_REFERENCE 'public abstract fun invoke (p1: P1 of kotlin.Function1): R of kotlin.Function1 [operator] declared in kotlin.Function1' type=kotlin.Any
            RAW_FUNCTION_REFERENCE 'private final fun VideoPlayer$lambda$7 ($exoPlayer$delegate: androidx.compose.runtime.MutableState<androidx.media3.exoplayer.ExoPlayer?>, $this$DisposableEffect: androidx.compose.runtime.DisposableEffectScope): androidx.compose.runtime.DisposableEffectResult declared in com.pamu.gymbro.core.presentation.components.VideoPlayerKt' type=kotlin.Any
            CALL 'public final fun <jvm-original-method-type> (method: kotlin.Any): kotlin.Any declared in kotlin.jvm.internal' type=kotlin.Any origin=null
              ARG method: RAW_FUNCTION_REFERENCE 'public abstract fun invoke (p1: androidx.compose.runtime.DisposableEffectScope): androidx.compose.runtime.DisposableEffectResult [fake_override,operator] declared in kotlin.jvm.internal.invokeDynamic.<fake>' type=kotlin.Any

	at org.jetbrains.kotlin.backend.jvm.codegen.FunctionCodegen.generate(FunctionCodegen.kt:50)
	at org.jetbrains.kotlin.backend.jvm.codegen.FunctionCodegen.generate$default(FunctionCodegen.kt:43)
	at org.jetbrains.kotlin.backend.jvm.codegen.ClassCodegen.generateMethodNode(ClassCodegen.kt:422)
	at org.jetbrains.kotlin.backend.jvm.codegen.ClassCodegen.generateMethod(ClassCodegen.kt:439)
	at org.jetbrains.kotlin.backend.jvm.codegen.ClassCodegen.generate(ClassCodegen.kt:164)
	at org.jetbrains.kotlin.backend.jvm.JvmIrCodegenFactory.generateFile(JvmIrCodegenFactory.kt:419)
	at org.jetbrains.kotlin.backend.jvm.JvmIrCodegenFactory.invokeCodegen(JvmIrCodegenFactory.kt:388)
	at org.jetbrains.kotlin.cli.jvm.compiler.KotlinToJVMBytecodeCompiler.runCodegen$cli(KotlinToJVMBytecodeCompiler.kt:431)
	at org.jetbrains.kotlin.cli.pipeline.jvm.JvmBackendPipelinePhase.executePhase(JvmBackendPipelinePhase.kt:95)
	at org.jetbrains.kotlin.cli.pipeline.jvm.JvmBackendPipelinePhase.executePhase(JvmBackendPipelinePhase.kt:36)
	at org.jetbrains.kotlin.cli.pipeline.jvm.JvmBackendPipelinePhase.executePhase(JvmBackendPipelinePhase.kt:29)
	at org.jetbrains.kotlin.cli.pipeline.PipelinePhase.phaseBody(PipelinePhase.kt:68)
	at org.jetbrains.kotlin.cli.pipeline.PipelinePhase.phaseBody(PipelinePhase.kt:58)
	at org.jetbrains.kotlin.config.phaser.NamedCompilerPhase.invoke(CompilerPhase.kt:102)
	at org.jetbrains.kotlin.backend.common.phaser.CompositePhase.invoke(PhaseBuilders.kt:22)
	at org.jetbrains.kotlin.config.phaser.CompilerPhaseKt.invokeToplevel(CompilerPhase.kt:53)
	at org.jetbrains.kotlin.cli.pipeline.AbstractCliPipeline.runPhasedPipeline(AbstractCliPipeline.kt:109)
	at org.jetbrains.kotlin.cli.pipeline.AbstractCliPipeline.execute(AbstractCliPipeline.kt:68)
	at org.jetbrains.kotlin.cli.jvm.K2JVMCompiler.doExecutePhased(K2JVMCompiler.kt:78)
	at org.jetbrains.kotlin.cli.jvm.K2JVMCompiler.doExecutePhased(K2JVMCompiler.kt:44)
	at org.jetbrains.kotlin.cli.common.CLICompiler.execImpl(CLICompiler.kt:90)
	at org.jetbrains.kotlin.cli.common.CLICompiler.exec(CLICompiler.kt:352)
	at org.jetbrains.kotlin.incremental.IncrementalJvmCompilerRunnerBase.runCompiler(IncrementalJvmCompilerRunnerBase.kt:175)
	at org.jetbrains.kotlin.incremental.IncrementalJvmCompilerRunnerBase.runCompiler(IncrementalJvmCompilerRunnerBase.kt:38)
	at org.jetbrains.kotlin.incremental.IncrementalCompilerRunner.doCompile(IncrementalCompilerRunner.kt:504)
	at org.jetbrains.kotlin.incremental.IncrementalCompilerRunner.compileImpl(IncrementalCompilerRunner.kt:421)
	at org.jetbrains.kotlin.incremental.IncrementalCompilerRunner.tryCompileIncrementally$lambda$10$compile(IncrementalCompilerRunner.kt:254)
	at org.jetbrains.kotlin.incremental.IncrementalCompilerRunner.tryCompileIncrementally(IncrementalCompilerRunner.kt:272)
	at org.jetbrains.kotlin.incremental.IncrementalCompilerRunner.compile(IncrementalCompilerRunner.kt:124)
	at org.jetbrains.kotlin.daemon.CompileServiceImplBase.execIncrementalCompiler(CompileServiceImpl.kt:679)
	at org.jetbrains.kotlin.daemon.CompileServiceImplBase.access$execIncrementalCompiler(CompileServiceImpl.kt:93)
	at org.jetbrains.kotlin.daemon.CompileServiceImpl.compile(CompileServiceImpl.kt:1806)
	at java.base/jdk.internal.reflect.DirectMethodHandleAccessor.invoke(Unknown Source)
	at java.base/java.lang.reflect.Method.invoke(Unknown Source)
	at java.rmi/sun.rmi.server.UnicastServerRef.dispatch(Unknown Source)
	at java.rmi/sun.rmi.transport.Transport$1.run(Unknown Source)
	at java.rmi/sun.rmi.transport.Transport$1.run(Unknown Source)
	at java.base/java.security.AccessController.doPrivileged(Unknown Source)
	at java.rmi/sun.rmi.transport.Transport.serviceCall(Unknown Source)
	at java.rmi/sun.rmi.transport.tcp.TCPTransport.handleMessages(Unknown Source)
	at java.rmi/sun.rmi.transport.tcp.TCPTransport$ConnectionHandler.run0(Unknown Source)
	at java.rmi/sun.rmi.transport.tcp.TCPTransport$ConnectionHandler.lambda$run$0(Unknown Source)
	at java.base/java.security.AccessController.doPrivileged(Unknown Source)
	at java.rmi/sun.rmi.transport.tcp.TCPTransport$ConnectionHandler.run(Unknown Source)
	at java.base/java.util.concurrent.ThreadPoolExecutor.runWorker(Unknown Source)
	at java.base/java.util.concurrent.ThreadPoolExecutor$Worker.run(Unknown Source)
	at java.base/java.lang.Thread.run(Unknown Source)
Caused by: org.jetbrains.kotlin.codegen.CompilationException: Back-end (JVM) Internal error: Couldn't inline method call: CALL 'public final fun remember <T> (calculation: @[DisallowComposableCalls] kotlin.Function0<T of androidx.compose.runtime.ComposablesKt.remember>): T of androidx.compose.runtime.ComposablesKt.remember [inline] declared in androidx.compose.runtime.ComposablesKt' type=androidx.compose.runtime.MutableState<androidx.media3.exoplayer.ExoPlayer?> origin=null
Method: null
File is unknown
The root cause java.lang.IllegalStateException was thrown at: org.jetbrains.kotlin.codegen.inline.SourceCompilerForInlineKt.getMethodNode(SourceCompilerForInline.kt:129)
	at org.jetbrains.kotlin.backend.jvm.codegen.IrInlineCodegen.genInlineCall(IrInlineCodegen.kt:82)
	at org.jetbrains.kotlin.backend.jvm.codegen.IrInlineCallGenerator.genCall(IrInlineCallGenerator.kt:36)
	at org.jetbrains.kotlin.backend.jvm.codegen.ExpressionCodegen.visitCall(ExpressionCodegen.kt:586)
	at org.jetbrains.kotlin.backend.jvm.codegen.ExpressionCodegen.visitCall(ExpressionCodegen.kt:135)
	at org.jetbrains.kotlin.ir.expressions.IrCall.accept(IrCall.kt:24)
	at org.jetbrains.kotlin.backend.jvm.codegen.ExpressionCodegen.visitVariable(ExpressionCodegen.kt:725)
	at org.jetbrains.kotlin.backend.jvm.codegen.ExpressionCodegen.visitVariable(ExpressionCodegen.kt:135)
	at org.jetbrains.kotlin.ir.declarations.IrVariable.accept(IrVariable.kt:36)
	at org.jetbrains.kotlin.backend.jvm.codegen.ExpressionCodegen.visitStatementContainer(ExpressionCodegen.kt:527)
	at org.jetbrains.kotlin.backend.jvm.codegen.ExpressionCodegen.visitBlockBody(ExpressionCodegen.kt:532)
	at org.jetbrains.kotlin.backend.jvm.codegen.ExpressionCodegen.visitBlockBody(ExpressionCodegen.kt:135)
	at org.jetbrains.kotlin.ir.expressions.IrBlockBody.accept(IrBlockBody.kt:20)
	at org.jetbrains.kotlin.backend.jvm.codegen.ExpressionCodegen.generate(ExpressionCodegen.kt:233)
	at org.jetbrains.kotlin.backend.jvm.codegen.FunctionCodegen.doGenerate(FunctionCodegen.kt:126)
	at org.jetbrains.kotlin.backend.jvm.codegen.FunctionCodegen.generate(FunctionCodegen.kt:47)
	... 46 more
Caused by: java.lang.IllegalStateException: couldn't find inline method Landroidx/compose/runtime/ComposablesKt;.remember(Lkotlin/jvm/functions/Function0;)Ljava/lang/Object;
	at org.jetbrains.kotlin.codegen.inline.SourceCompilerForInlineKt.getMethodNode(SourceCompilerForInline.kt:129)
	at org.jetbrains.kotlin.codegen.inline.SourceCompilerForInlineKt.loadCompiledInlineFunction$lambda$2(SourceCompilerForInline.kt:98)
	at org.jetbrains.kotlin.codegen.inline.InlineCache.computeMethodBytes(InlineCache.kt:90)
	at org.jetbrains.kotlin.codegen.inline.SourceCompilerForInlineKt.loadCompiledInlineFunction(SourceCompilerForInline.kt:93)
	at org.jetbrains.kotlin.backend.jvm.codegen.IrSourceCompilerForInline.compileInlineFunction(IrSourceCompilerForInline.kt:96)
	at org.jetbrains.kotlin.backend.jvm.codegen.IrInlineCodegen.genInlineCall(IrInlineCodegen.kt:65)
	... 60 more


